{"name": "Тест соответствия текста ответа", "status": "broken", "statusDetails": {"message": "selenium.common.exceptions.TimeoutException: Message:", "trace": "self = <test_drop_down_list.TestDropDownList object at 0x000001FF88096810>, get_driver = <selenium.webdriver.firefox.webdriver.WebDriver (session=\"d236d143-8a2c-46cd-8e91-d9ace5bce71b\")>\nget_main_page = <pages.main_page.MainPage object at 0x000001FF880E4A90>, question = ('xpath', \"//div[@id='accordion__heading-6']\"), answer = ('xpath', \"//div[@id='accordion__panel-6']\")\nanswer_text = 'Да, пока самокат не привезли. Штрафа не будет, объяснительной записки тоже не попросим. Все же свои.'\n\n    @allure.title('Тест соответствия текста ответа')\n    @pytest.mark.parametrize('question, answer, answer_text', [\n        [MainPageLocators.QUESTION_1, MainPageLocators.ANSWER_1, AnswerText.answer_text_1],\n        [MainPageLocators.QUESTION_2, MainPageLocators.ANSWER_2, AnswerText.answer_text_2],\n        [MainPageLocators.QUESTION_3, MainPageLocators.ANSWER_3, AnswerText.answer_text_3],\n        [MainPageLocators.QUESTION_4, MainPageLocators.ANSWER_4, AnswerText.answer_text_4],\n        [MainPageLocators.QUESTION_5, MainPageLocators.ANSWER_5, AnswerText.answer_text_5],\n        [MainPageLocators.QUESTION_6, MainPageLocators.ANSWER_6, AnswerText.answer_text_6],\n        [MainPageLocators.QUESTION_7, MainPageLocators.ANSWER_7, AnswerText.answer_text_7],\n        [MainPageLocators.QUESTION_8, MainPageLocators.ANSWER_8, AnswerText.answer_text_8]\n    ])\n    def test_drop_down_text(self, get_driver, get_main_page, question, answer, answer_text):\n        get_main_page.open()\n        get_main_page.accept_cookies()\n>       get_main_page.scroll_to_bottom()\n\ntests\\test_drop_down_list.py:24: \n_ _ _ _ _ _ _ _ _ _ _ _ _ _ _ _ _ _ _ _ _ _ _ _ _ _ _ _ _ _ _ _ _ _ _ _ _ _ _ _ _ _ _ _ _ _ _ _ _ _ _ _ _ _ _ _ _ _ _ _ _ _ _ _ _ _ _ _ _ _ _ _ _ _ _ _ _ _ _ _ _ _ _ _ _ _ _ _ _ _ _ _ _ _ _ _ _ _ _ _ _ _ _ _ _ _ _ _ _ _ _ _ _ _ _ _\npages\\main_page.py:11: in scroll_to_bottom\n    self.wait_for_visibility(MainPageLocators.QUESTION_8)\npages\\base_page.py:25: in wait_for_visibility\n    WebDriverWait(self.driver, 120).until(ec.visibility_of_element_located(locator))\n_ _ _ _ _ _ _ _ _ _ _ _ _ _ _ _ _ _ _ _ _ _ _ _ _ _ _ _ _ _ _ _ _ _ _ _ _ _ _ _ _ _ _ _ _ _ _ _ _ _ _ _ _ _ _ _ _ _ _ _ _ _ _ _ _ _ _ _ _ _ _ _ _ _ _ _ _ _ _ _ _ _ _ _ _ _ _ _ _ _ _ _ _ _ _ _ _ _ _ _ _ _ _ _ _ _ _ _ _ _ _ _ _ _ _ _\n\nself = <selenium.webdriver.support.wait.WebDriverWait (session=\"d236d143-8a2c-46cd-8e91-d9ace5bce71b\")>, method = <function visibility_of_element_located.<locals>._predicate at 0x000001FF88092840>, message = ''\n\n    def until(self, method: Callable[[D], Union[Literal[False], T]], message: str = \"\") -> T:\n        \"\"\"Calls the method provided with the driver as an argument until the \\\n        return value does not evaluate to ``False``.\n    \n        :param method: callable(WebDriver)\n        :param message: optional message for :exc:`TimeoutException`\n        :returns: the result of the last call to `method`\n        :raises: :exc:`selenium.common.exceptions.TimeoutException` if timeout occurs\n        \"\"\"\n        screen = None\n        stacktrace = None\n    \n        end_time = time.monotonic() + self._timeout\n        while True:\n            try:\n                value = method(self._driver)\n                if value:\n                    return value\n            except self._ignored_exceptions as exc:\n                screen = getattr(exc, \"screen\", None)\n                stacktrace = getattr(exc, \"stacktrace\", None)\n            time.sleep(self._poll)\n            if time.monotonic() > end_time:\n                break\n>       raise TimeoutException(message, screen, stacktrace)\nE       selenium.common.exceptions.TimeoutException: Message:\n\n..\\..\\AppData\\Local\\Packages\\PythonSoftwareFoundation.Python.3.11_qbz5n2kfra8p0\\LocalCache\\local-packages\\Python311\\site-packages\\selenium\\webdriver\\support\\wait.py:105: TimeoutException"}, "steps": [{"name": "Открытие браузера на заданный URL", "status": "passed", "start": 1715339330864, "stop": 1715339370913}, {"name": "Принять куки", "status": "passed", "steps": [{"name": "Ожидание и клик по элементу", "status": "passed", "parameters": [{"name": "locator", "value": "('xpath', \".//*[@id='rcc-confirm-button']\")"}], "start": 1715339370913, "stop": 1715339371165}], "start": 1715339370913, "stop": 1715339371165}, {"name": "Выполняем скролл до последнего вопроса", "status": "broken", "statusDetails": {"message": "selenium.common.exceptions.TimeoutException: Message: \n\n", "trace": "  File \"C:\\Users\\xdsla\\AppData\\Local\\Packages\\PythonSoftwareFoundation.Python.3.11_qbz5n2kfra8p0\\LocalCache\\local-packages\\Python311\\site-packages\\allure_commons\\_allure.py\", line 192, in impl\n    return func(*a, **kw)\n           ^^^^^^^^^^^^^^\n  File \"C:\\Users\\xdsla\\PycharmProjects\\Sprint_6\\pages\\main_page.py\", line 11, in scroll_to_bottom\n    self.wait_for_visibility(MainPageLocators.QUESTION_8)\n  File \"C:\\Users\\xdsla\\AppData\\Local\\Packages\\PythonSoftwareFoundation.Python.3.11_qbz5n2kfra8p0\\LocalCache\\local-packages\\Python311\\site-packages\\allure_commons\\_allure.py\", line 192, in impl\n    return func(*a, **kw)\n           ^^^^^^^^^^^^^^\n  File \"C:\\Users\\xdsla\\PycharmProjects\\Sprint_6\\pages\\base_page.py\", line 25, in wait_for_visibility\n    WebDriverWait(self.driver, 120).until(ec.visibility_of_element_located(locator))\n  File \"C:\\Users\\xdsla\\AppData\\Local\\Packages\\PythonSoftwareFoundation.Python.3.11_qbz5n2kfra8p0\\LocalCache\\local-packages\\Python311\\site-packages\\selenium\\webdriver\\support\\wait.py\", line 105, in until\n    raise TimeoutException(message, screen, stacktrace)\n"}, "steps": [{"name": "Скроллим страницу до элемента", "status": "passed", "parameters": [{"name": "locator", "value": "('xpath', \"//div[@id='accordion__heading-7']\")"}], "start": 1715339371165, "stop": 1715339371170}, {"name": "Ожидание появления элемента", "status": "broken", "statusDetails": {"message": "selenium.common.exceptions.TimeoutException: Message: \n\n", "trace": "  File \"C:\\Users\\xdsla\\AppData\\Local\\Packages\\PythonSoftwareFoundation.Python.3.11_qbz5n2kfra8p0\\LocalCache\\local-packages\\Python311\\site-packages\\allure_commons\\_allure.py\", line 192, in impl\n    return func(*a, **kw)\n           ^^^^^^^^^^^^^^\n  File \"C:\\Users\\xdsla\\PycharmProjects\\Sprint_6\\pages\\base_page.py\", line 25, in wait_for_visibility\n    WebDriverWait(self.driver, 120).until(ec.visibility_of_element_located(locator))\n  File \"C:\\Users\\xdsla\\AppData\\Local\\Packages\\PythonSoftwareFoundation.Python.3.11_qbz5n2kfra8p0\\LocalCache\\local-packages\\Python311\\site-packages\\selenium\\webdriver\\support\\wait.py\", line 105, in until\n    raise TimeoutException(message, screen, stacktrace)\n"}, "parameters": [{"name": "locator", "value": "('xpath', \"//div[@id='accordion__heading-7']\")"}], "start": 1715339371170, "stop": 1715339491546}], "start": 1715339371165, "stop": 1715339491550}], "parameters": [{"name": "question", "value": "('xpath', \"//div[@id='accordion__heading-6']\")"}, {"name": "answer", "value": "('xpath', \"//div[@id='accordion__panel-6']\")"}, {"name": "answer_text", "value": "'Да, пока самокат не привезли. Штрафа не будет, объяснительной записки тоже не попросим. Все же свои.'"}], "start": 1715339330864, "stop": 1715339491551, "uuid": "2f7a972d-edd9-4b21-8f6c-cda12cb91a8a", "historyId": "3e4aa4244ee10734b3d63f46cdb4e494", "testCaseId": "4848200871e76fcb74f94964fb7a3368", "fullName": "tests.test_drop_down_list.TestDropDownList#test_drop_down_text", "labels": [{"name": "story", "value": "Тесты выпадающего списка \"Вопросы о важном\""}, {"name": "parentSuite", "value": "tests"}, {"name": "suite", "value": "test_drop_down_list"}, {"name": "subSuite", "value": "TestDropDownList"}, {"name": "host", "value": "DESKTOP-VT4D8R7"}, {"name": "thread", "value": "15968-MainThread"}, {"name": "framework", "value": "pytest"}, {"name": "language", "value": "cpython3"}, {"name": "package", "value": "tests.test_drop_down_list"}]}